-------------------------------------------------------------------------------
Test set: Lambda Test Scenarios
-------------------------------------------------------------------------------
Tests run: 11, Failures: 0, Errors: 1, Skipped: 0, Time elapsed: 1,430.33 s <<< FAILURE! - in Lambda Test Scenarios
user wants to search the value from number of records and wants to perform sorting(Lambda Test Scenarios)  Time elapsed: 642.04 s  <<< ERROR!
org.openqa.selenium.NoSuchSessionException: 
No active session with ID 6A9B57FF-8AC1-452E-8B11-01468D41A36A
Build info: version: '3.141.59', revision: 'e82be7d358', time: '2018-11-14T08:17:03'
System info: host: 'TapanKNew.local', ip: '127.0.0.1', os.name: 'Mac OS X', os.arch: 'x86_64', os.version: '10.15', java.version: '13.0.1'
Driver info: org.openqa.selenium.remote.RemoteWebDriver
Capabilities {acceptInsecureCerts: false, browserName: Safari, browserVersion: 12.1.2, javascriptEnabled: true, platform: MAC, platformName: MAC, safari:automaticInspection: false, safari:automaticProfiling: false, safari:diagnose: false, setWindowRect: true, strictFileInteractability: false, webdriver.remote.sessionid: 6A9B57FF-8AC1-452E-8B11-014..., webkit:WebRTC: {DisableICECandidateFiltering: false, DisableInsecureMediaCapture: false}}
Session ID: 6A9B57FF-8AC1-452E-8B11-01468D41A36A

